\BOOKMARK [1][-]{section.1}{\376\377\000S\000c\000o\000p\000e\000\040\000a\000n\000d\000\040\000s\000c\000i\000e\000n\000t\000i\000f\000i\000c\000\040\000c\000l\000a\000s\000s\000i\000f\000i\000c\000a\000t\000i\000o\000n\000\040\000p\000o\000l\000i\000c\000y}{}% 1
\BOOKMARK [2][-]{subsection.1.1}{\376\377\000T\000h\000e\000\040\000f\000o\000u\000r\000\040\000c\000a\000t\000e\000g\000o\000r\000i\000e\000s}{section.1}% 2
\BOOKMARK [2][-]{subsection.1.2}{\376\377\000R\000u\000l\000e\000\040\000f\000o\000r\000\040\000t\000h\000e\000\040\000t\000h\000r\000e\000e\000\040\000r\000e\000f\000e\000r\000e\000n\000c\000e\000\040\000p\000a\000p\000e\000r\000s}{section.1}% 3
\BOOKMARK [2][-]{subsection.1.3}{\376\377\000R\000e\000a\000d\000i\000n\000g\000\040\000a\000i\000d\000s}{section.1}% 4
\BOOKMARK [1][-]{section.2}{\376\377\000H\000i\000s\000t\000o\000r\000i\000c\000a\000l\000\040\000a\000n\000d\000\040\000s\000o\000u\000r\000c\000e\000\040\000m\000o\000t\000i\000v\000a\000t\000i\000o\000n}{}% 5
\BOOKMARK [1][-]{section.3}{\376\377\000E\000s\000t\000a\000b\000l\000i\000s\000h\000e\000d\000\040\000g\000e\000o\000m\000e\000t\000r\000i\000c\000\040\000a\000n\000d\000\040\000w\000a\000v\000e\000\040\000f\000o\000u\000n\000d\000a\000t\000i\000o\000n\000s}{}% 6
\BOOKMARK [2][-]{subsection.3.1}{\376\377\000S\000t\000a\000t\000e\000\040\000v\000e\000c\000t\000o\000r}{section.3}% 7
\BOOKMARK [2][-]{subsection.3.2}{\376\377\000F\000a\000c\000e\000t\000e\000d\000\040\000c\000r\000y\000s\000t\000a\000l\000\040\000g\000e\000o\000m\000e\000t\000r\000y}{section.3}% 8
\BOOKMARK [2][-]{subsection.3.3}{\376\377\000W\000a\000v\000e\000\040\000p\000r\000o\000p\000a\000g\000a\000t\000i\000o\000n\000\040\000a\000n\000d\000\040\000t\000h\000e\000\040\000u\000n\000c\000e\000r\000t\000a\000i\000n\000\040\000w\000a\000v\000e\000\040\000s\000p\000e\000e\000d}{section.3}% 9
\BOOKMARK [1][-]{section.4}{\376\377\000C\000r\000y\000s\000t\000a\000l\000\040\000g\000e\000o\000m\000e\000t\000r\000y\000\040\000a\000n\000d\000\040\000t\000h\000e\000\040\0004\0000\0009\0006\000\040\000d\000e\000s\000i\000g\000n\000\040\000l\000a\000d\000d\000e\000r}{}% 10
\BOOKMARK [1][-]{section.5}{\376\377\000S\000p\000i\000r\000a\000l\000\040\000a\000n\000d\000\040\000c\000o\000n\000i\000c\000a\000l\000\040\000g\000e\000o\000m\000e\000t\000r\000y\000\040\000a\000n\000d\000\040\000t\000h\000e\000\040\000c\000o\000m\000p\000a\000c\000t\000\040\000p\000h\000a\000s\000e\000\040\000c\000o\000o\000r\000d\000i\000n\000a\000t\000e}{}% 11
\BOOKMARK [1][-]{section.6}{\376\377\000C\000o\000m\000p\000a\000c\000t\000-\000c\000o\000o\000r\000d\000i\000n\000a\000t\000e\000\040\000m\000o\000d\000e\000\040\000s\000p\000e\000c\000t\000r\000u\000m}{}% 12
\BOOKMARK [2][-]{subsection.6.1}{\376\377\000T\000h\000e\000\040\000s\000p\000e\000c\000t\000r\000u\000m\000\040\000a\000n\000d\000\040\000i\000t\000s\000\040\000s\000u\000b\000s\000t\000i\000t\000u\000t\000i\000o\000n\000\040\000m\000a\000p}{section.6}% 13
\BOOKMARK [2][-]{subsection.6.2}{\376\377\000I\000d\000e\000n\000t\000i\000f\000i\000a\000b\000i\000l\000i\000t\000y\000:\000\040\000r\000e\000p\000o\000r\000t\000\040\000k\000a\000p\000p\000a\000,\000\040\000n\000o\000t\000\040\000\050\000v\000,\000R\000\051}{section.6}% 14
\BOOKMARK [2][-]{subsection.6.3}{\376\377\000B\000o\000u\000n\000d\000a\000r\000y\000\040\000p\000a\000r\000i\000t\000y\000\040\000a\000n\000d\000\040\000t\000h\000e\000\040\000z\000e\000r\000o\000-\000m\000o\000d\000e\000\040\000r\000u\000l\000e}{section.6}% 15
\BOOKMARK [1][-]{section.7}{\376\377\000R\000e\000s\000o\000n\000a\000n\000c\000e\000-\000o\000f\000f\000s\000e\000t\000\040\000f\000u\000n\000c\000t\000i\000o\000n\000a\000l}{}% 16
\BOOKMARK [2][-]{subsection.7.1}{\376\377\000D\000e\000f\000i\000n\000i\000t\000i\000o\000n\000\040\000a\000n\000d\000\040\000s\000i\000g\000n\000\040\000c\000o\000n\000v\000e\000n\000t\000i\000o\000n}{section.7}% 17
\BOOKMARK [2][-]{subsection.7.2}{\376\377\000Q\000-\000d\000e\000r\000i\000v\000e\000d\000\040\000p\000r\000o\000x\000i\000m\000i\000t\000y\000\040\000c\000l\000a\000s\000s\000e\000s}{section.7}% 18
\BOOKMARK [2][-]{subsection.7.3}{\376\377\000C\000o\000r\000r\000e\000c\000t\000i\000o\000n\000s\000\040\000s\000h\000i\000f\000t\000\040\000t\000h\000e\000\040\000o\000f\000f\000s\000e\000t\000\040\040\024\000\040\000w\000i\000t\000h\000\040\000s\000i\000g\000n}{section.7}% 19
\BOOKMARK [1][-]{section.8}{\376\377\000C\000o\000u\000p\000l\000e\000d\000\040\000e\000i\000g\000e\000n\000m\000o\000d\000e\000s\000\040\000a\000n\000d\000\040\000a\000v\000o\000i\000d\000e\000d\000\040\000c\000r\000o\000s\000s\000i\000n\000g\000s}{}% 20
\BOOKMARK [1][-]{section.9}{\376\377\000N\000o\000d\000e\000,\000\040\000l\000o\000a\000d\000i\000n\000g\000,\000\040\000d\000a\000m\000p\000i\000n\000g\000,\000\040\000a\000n\000d\000\040\000c\000o\000r\000r\000e\000c\000t\000i\000o\000n\000\040\000m\000o\000d\000e\000l\000s}{}% 21
\BOOKMARK [2][-]{subsection.9.1}{\376\377\000N\000o\000d\000e\000\040\000c\000o\000o\000r\000d\000i\000n\000a\000t\000e\000\040\000\050\000f\000e\000m\000a\000l\000e\000-\000a\000p\000e\000x\000\040\000f\000r\000a\000m\000e\000\051}{section.9}% 22
\BOOKMARK [2][-]{subsection.9.2}{\376\377\000L\000o\000a\000d\000i\000n\000g}{section.9}% 23
\BOOKMARK [2][-]{subsection.9.3}{\376\377\000D\000a\000m\000p\000i\000n\000g\000\040\000a\000n\000d\000\040\000t\000h\000e\000\040\000c\000o\000r\000r\000e\000c\000t\000i\000o\000n\000\040\000l\000e\000d\000g\000e\000r}{section.9}% 24
\BOOKMARK [1][-]{section.10}{\376\377\000D\000y\000n\000a\000m\000i\000c\000\040\000c\000o\000h\000e\000r\000e\000n\000c\000e\000\040\000a\000n\000d\000\040\000p\000h\000a\000s\000e\000\040\000e\000v\000o\000l\000u\000t\000i\000o\000n}{}% 25
\BOOKMARK [2][-]{subsection.10.1}{\376\377\000A\000m\000p\000l\000i\000t\000u\000d\000e\040\023\000p\000h\000a\000s\000e\000\040\000d\000y\000n\000a\000m\000i\000c\000s}{section.10}% 26
\BOOKMARK [2][-]{subsection.10.2}{\376\377\000T\000h\000e\000\040\000f\000o\000u\000r\000-\000s\000t\000a\000g\000e\000\040\000t\000e\000m\000p\000l\000a\000t\000e\000\040\000a\000n\000d\000\040\000s\000p\000o\000n\000t\000a\000n\000e\000i\000t\000y}{section.10}% 27
\BOOKMARK [2][-]{subsection.10.3}{\376\377\000T\000h\000e\000\040\000c\000o\000h\000e\000r\000e\000n\000c\000e\000\040\000m\000e\000t\000r\000i\000c}{section.10}% 28
\BOOKMARK [1][-]{section.11}{\376\377\000S\000p\000a\000t\000i\000a\000l\000\040\000a\000n\000i\000s\000o\000t\000r\000o\000p\000y\000\040\000a\000n\000d\000\040\000c\000o\000h\000e\000r\000e\000n\000c\000e\000\040\000d\000a\000m\000p\000i\000n\000g}{}% 29
\BOOKMARK [2][-]{subsection.11.1}{\376\377\000P\000e\000r\000-\000a\000x\000i\000s\000\040\000p\000h\000a\000s\000e\000\040\000r\000a\000t\000e\000s\000\040\000a\000n\000d\000\040\000t\000h\000e\000\040\000a\000n\000i\000s\000o\000t\000r\000o\000p\000y\000\040\000s\000c\000a\000l\000a\000r}{section.11}% 30
\BOOKMARK [2][-]{subsection.11.2}{\376\377\000R\000e\000l\000a\000x\000a\000t\000i\000o\000n\000\040\000i\000s\000\040\000a\000\040\000m\000o\000d\000e\000l\000\040\000t\000o\000\040\000t\000e\000s\000t\000,\000\040\000n\000o\000t\000\040\000t\000o\000\040\000p\000r\000e\000s\000u\000m\000e}{section.11}% 31
\BOOKMARK [1][-]{section.12}{\376\377\000D\000r\000i\000v\000e\000\040\000s\000y\000s\000t\000e\000m\000s\000\040\000a\000n\000d\000\040\000p\000u\000l\000s\000e\000\040\000t\000i\000m\000i\000n\000g}{}% 32
\BOOKMARK [1][-]{section.13}{\376\377\000E\000x\000p\000e\000r\000i\000m\000e\000n\000t\000a\000l\000\040\000p\000r\000o\000t\000o\000c\000o\000l\000s\000\040\000a\000n\000d\000\040\000c\000o\000n\000t\000r\000o\000l\000s}{}% 33
\BOOKMARK [2][-]{subsection.13.1}{\376\377\000T\000h\000e\000\040\000c\000o\000m\000m\000o\000n\000\040\000m\000e\000a\000s\000u\000r\000e\000m\000e\000n\000t\000\040\000c\000o\000n\000t\000r\000a\000c\000t}{section.13}% 34
\BOOKMARK [2][-]{subsection.13.2}{\376\377\000T\000h\000e\000\040\000e\000i\000g\000h\000t\000\040\000b\000r\000a\000n\000c\000h\000e\000s}{section.13}% 35
\BOOKMARK [1][-]{section.14}{\376\377\000W\000o\000r\000k\000e\000d\000\040\000e\000x\000a\000m\000p\000l\000e\000s\000\040\000g\000e\000n\000e\000r\000a\000t\000e\000d\000\040\000f\000r\000o\000m\000\040\000c\000o\000d\000e}{}% 36
\BOOKMARK [1][-]{section.15}{\376\377\000F\000a\000l\000s\000i\000f\000i\000c\000a\000t\000i\000o\000n\000\040\000r\000o\000a\000d\000m\000a\000p}{}% 37
\BOOKMARK [1][-]{section.16}{\376\377\000L\000i\000m\000i\000t\000a\000t\000i\000o\000n\000s}{}% 38
\BOOKMARK [1][-]{section.17}{\376\377\000R\000e\000p\000r\000o\000d\000u\000c\000i\000b\000i\000l\000i\000t\000y\000\040\000a\000n\000d\000\040\000s\000o\000f\000t\000w\000a\000r\000e}{}% 39
\BOOKMARK [1][-]{section.18}{\376\377\000C\000o\000n\000c\000l\000u\000s\000i\000o\000n}{}% 40
\BOOKMARK [1][-]{appendix.A}{\376\377\000N\000o\000t\000a\000t\000i\000o\000n\000\040\000a\000n\000d\000\040\000u\000n\000i\000t\000s\000\040\000\050\000f\000r\000o\000z\000e\000n\000\051}{}% 41
\BOOKMARK [1][-]{appendix.B}{\376\377\000D\000e\000r\000i\000v\000a\000t\000i\000o\000n\000s}{}% 42
\BOOKMARK [2][-]{subsection.B.1}{\376\377\000A\000d\000d\000e\000d\000\040\000m\000o\000d\000a\000l\000\040\000m\000a\000s\000s}{appendix.B}% 43
\BOOKMARK [2][-]{subsection.B.2}{\376\377\000O\000f\000f\000s\000e\000t\040\023\000d\000e\000t\000u\000n\000i\000n\000g\000\040\000r\000e\000l\000a\000t\000i\000o\000n\000\040\000a\000n\000d\000\040\000c\000l\000a\000s\000s\000\040\000s\000c\000a\000l\000e}{appendix.B}% 44
\BOOKMARK [2][-]{subsection.B.3}{\376\377\000C\000o\000h\000e\000r\000e\000n\000c\000e\000\040\000n\000o\000r\000m\000a\000l\000i\000z\000a\000t\000i\000o\000n}{appendix.B}% 45
\BOOKMARK [2][-]{subsection.B.4}{\376\377\000T\000i\000m\000e\040\023\000f\000r\000e\000q\000u\000e\000n\000c\000y\000\040\000c\000o\000u\000p\000l\000i\000n\000g\000\040\000c\000o\000n\000s\000i\000s\000t\000e\000n\000c\000y}{appendix.B}% 46
\BOOKMARK [1][-]{appendix.C}{\376\377\000A\000l\000g\000o\000r\000i\000t\000h\000m\000s}{}% 47
\BOOKMARK [1][-]{appendix.D}{\376\377\000S\000o\000u\000r\000c\000e\000-\000c\000l\000a\000i\000m\000\040\000l\000e\000d\000g\000e\000r\000,\000\040\000t\000r\000a\000c\000e\000a\000b\000i\000l\000i\000t\000y\000,\000\040\000a\000n\000d\000\040\000n\000e\000g\000a\000t\000i\000v\000e\000\040\000r\000e\000s\000u\000l\000t\000s}{}% 48
\BOOKMARK [2][-]{subsection.D.1}{\376\377\000A\000d\000a\000p\000t\000e\000d\000-\000m\000a\000t\000h\000e\000m\000a\000t\000i\000c\000s\000\040\000t\000r\000a\000c\000e\000a\000b\000i\000l\000i\000t\000y\000\040\000m\000a\000t\000r\000i\000x}{appendix.D}% 49
\BOOKMARK [2][-]{subsection.D.2}{\376\377\000N\000o\000t\000\040\000a\000d\000a\000p\000t\000e\000d\000\040\000\050\000b\000i\000n\000d\000i\000n\000g\000\040\000e\000x\000c\000l\000u\000s\000i\000o\000n\000\040\000l\000i\000s\000t\000s\000\051}{appendix.D}% 50
\BOOKMARK [2][-]{subsection.D.3}{\376\377\000P\000r\000e\000s\000e\000r\000v\000e\000d\000\040\000n\000e\000g\000a\000t\000i\000v\000e\000\040\000r\000e\000s\000u\000l\000t\000s\000\040\000T\000e\000X\000\040\000G\000y\000r\000e\000\040\000H\000e\000r\000o\000s\000[\000S\000R\000C\000]\000\040\000\050\000n\000e\000g\000a\000t\000i\000v\000e\000\051}{appendix.D}% 51
\BOOKMARK [2][-]{subsection.D.4}{\376\377\000N\000u\000m\000e\000r\000o\000l\000o\000g\000y\000\040\000c\000o\000n\000t\000a\000i\000n\000m\000e\000n\000t\000\040\000T\000e\000X\000\040\000G\000y\000r\000e\000\040\000H\000e\000r\000o\000s\000[\000E\000S\000T\000]\000\040\000\050\000a\000r\000i\000t\000h\000m\000e\000t\000i\000c\000\051\000\040\000/\000\040\000T\000e\000X\000\040\000G\000y\000r\000e\000\040\000H\000e\000r\000o\000s\000[\000S\000R\000C\000]\000\040\000\050\000s\000i\000g\000n\000i\000f\000i\000c\000a\000n\000c\000e\000\051}{appendix.D}% 52
